<?xml version="1.0" encoding="UTF-8"?>
<!-- Generated by org.testng.reporters.JUnitReportReporter -->
<testsuite hostname="DESKTOP-KJ58VDP" failures="0" tests="1" name="CucumberOptions.TestNgTestRunner" time="9.074" errors="1" timestamp="2022-10-28T16:50:17 EDT" skipped="0">
  <testcase classname="CucumberOptions.TestNgTestRunner" name="runScenario" time="9.074">
    <error message="Cannot invoke &quot;org.openqa.selenium.WebDriver.findElement(org.openqa.selenium.By)&quot; because &quot;this.driver&quot; is null" type="java.lang.NullPointerException">
      <![CDATA[java.lang.NullPointerException: Cannot invoke "org.openqa.selenium.WebDriver.findElement(org.openqa.selenium.By)" because "this.driver" is null
at stepDefinations.stepDefination.user_login_into_application_with_username_and_password(stepDefination.java:33)
at âœ½.User login into application with username and password(file:///C:/Users/Admin/Desktop/IT%20COURSE/Selenium_Workspace/Automation3/src/test/java/features/Login.feature:6)
]]>
    </error>
  </testcase> <!-- runScenario -->
  <system-out/>
</testsuite> <!-- CucumberOptions.TestNgTestRunner -->
